<?xml version="1.0" encoding="UTF-8"?>
<!-- Generated by org.testng.reporters.JUnitReportReporter -->
<testsuite hostname="LQA-WATHER" failures="0" tests="3" name="testng.Test_Cases" time="4.315" errors="0" timestamp="2020-11-09T03:56:04 PST" skipped="0">
  <testcase classname="testng.Test_Cases" name="test_1_openPage" time="3.480"/>
  <system-out/>
  <testcase classname="testng.Test_Cases" name="test_2_open_chapter1" time="0.706"/>
  <system-out/>
  <testcase classname="testng.Test_Cases" name="test_3_navigate_back" time="0.129"/>
  <system-out/>
</testsuite> <!-- testng.Test_Cases -->
