<?xml version="1.0" encoding="UTF-8"?>
<!-- Generated by org.testng.reporters.JUnitReportReporter -->
<testsuite hostname="LQA-WATHER" failures="0" tests="3" name="com.corcentric.testCases.TestCorcentric" time="4.148" errors="0" timestamp="2020-11-09T13:18:20 PST" skipped="0">
  <testcase classname="com.corcentric.testCases.TestCorcentric" name="testOneOpenPage" time="2.950"/>
  <system-out/>
  <testcase classname="com.corcentric.testCases.TestCorcentric" name="testTwoOpenChapter1" time="1.129"/>
  <system-out/>
  <testcase classname="com.corcentric.testCases.TestCorcentric" name="testThreeNavigateBack" time="0.069"/>
  <system-out/>
</testsuite> <!-- com.corcentric.testCases.TestCorcentric -->
