<?xml version="1.0" encoding="UTF-8"?>
<!-- Generated by org.testng.reporters.JUnitReportReporter -->
<testsuite hostname="LQA-WATHER" failures="0" tests="3" name="testng.Test_Cases" time="3.800" errors="0" timestamp="2020-11-09T03:34:03 PST" skipped="0">
  <testcase classname="testng.Test_Cases" name="test_1_openPage" time="2.361"/>
  <system-out/>
  <testcase classname="testng.Test_Cases" name="test_2_open_chapter1" time="1.373"/>
  <system-out/>
  <testcase classname="testng.Test_Cases" name="test_3_navigate_back" time="0.066"/>
  <system-out/>
</testsuite> <!-- testng.Test_Cases -->
